This file contains any messages produced by compilers while
running configure, to aid debugging if configure makes a mistake.

It was created by configure, which was
generated by GNU Autoconf 2.52.20141204.  Invocation command line was

  $ ./configure 

## ---------- ##
## Platform.  ##
## ---------- ##

hostname = dubstep.local
uname -m = x86_64
uname -r = 15.6.0
uname -s = Darwin
uname -v = Darwin Kernel Version 15.6.0: Thu Jun 23 18:25:34 PDT 2016; root:xnu-3248.60.10~1/RELEASE_X86_64

/usr/bin/uname -p = i386
/bin/uname -X     = unknown

/bin/arch              = unknown
/usr/bin/arch -k       = unknown
/usr/convex/getsysinfo = unknown
hostinfo               = Mach kernel version:
	 Darwin Kernel Version 15.6.0: Thu Jun 23 18:25:34 PDT 2016; root:xnu-3248.60.10~1/RELEASE_X86_64
Kernel configured for up to 4 processors.
2 processors are physically available.
4 processors are logically available.
Processor type: i486 (Intel 80486)
Processors active: 0 1 2 3
Primary memory available: 8.00 gigabytes
Default processor set: 249 tasks, 1169 threads, 4 processors
Load average: 0.49, Mach factor: 3.49
/bin/machine           = unknown
/usr/bin/oslevel       = unknown
/bin/universe          = unknown

PATH = /usr/local/bin:/usr/bin:/bin:/usr/sbin:/sbin:/usr/local/go/bin:.

## ------------ ##
## Core tests.  ##
## ------------ ##

configure:945: PATH=".;."; conftest.sh
./configure: line 946: conftest.sh: command not found
configure:948: $? = 127
configure:990: checking build system type
configure:1008: result: x86_64-apple-darwin15.6.0
configure:1016: checking host system type
configure:1030: result: x86_64-apple-darwin15.6.0
configure:1056: result: Configuring for darwin15.6.0
configure:1117: checking for g++
configure:1132: found /usr/bin/g++
configure:1140: result: g++
configure:1155: checking for C++ compiler version
configure:1158: g++ --version </dev/null >&5
Configured with: --prefix=/Applications/Xcode.app/Contents/Developer/usr --with-gxx-include-dir=/Applications/Xcode.app/Contents/Developer/Platforms/MacOSX.platform/Developer/SDKs/MacOSX10.11.sdk/usr/include/c++/4.2.1
Apple LLVM version 7.3.0 (clang-703.0.31)
Target: x86_64-apple-darwin15.6.0
Thread model: posix
InstalledDir: /Applications/Xcode.app/Contents/Developer/Toolchains/XcodeDefault.xctoolchain/usr/bin
configure:1161: $? = 0
configure:1163: g++ -v </dev/null >&5
Configured with: --prefix=/Applications/Xcode.app/Contents/Developer/usr --with-gxx-include-dir=/Applications/Xcode.app/Contents/Developer/Platforms/MacOSX.platform/Developer/SDKs/MacOSX10.11.sdk/usr/include/c++/4.2.1
Apple LLVM version 7.3.0 (clang-703.0.31)
Target: x86_64-apple-darwin15.6.0
Thread model: posix
InstalledDir: /Applications/Xcode.app/Contents/Developer/Toolchains/XcodeDefault.xctoolchain/usr/bin
configure:1166: $? = 0
configure:1168: g++ -V </dev/null >&5
clang: error: argument to '-V' is missing (expected 1 value)
clang: error: no input files
configure:1171: $? = 1
configure:1191: checking for C++ compiler default output
configure:1194: g++    conftest.cc  >&5
configure:1197: $? = 0
configure:1226: result: a.out
configure:1231: checking whether the C++ compiler works
configure:1237: ./a.out
configure:1240: $? = 0
configure:1255: result: yes
configure:1262: checking whether we are cross compiling
configure:1264: result: no
configure:1267: checking for executable suffix
configure:1269: g++ -o conftest    conftest.cc  >&5
configure:1272: $? = 0
configure:1294: result: 
configure:1300: checking for object suffix
configure:1318: g++ -c   conftest.cc >&5
configure:1321: $? = 0
configure:1340: result: o
configure:1344: checking whether we are using the GNU C++ compiler
configure:1365: g++ -c   conftest.cc >&5
configure:1368: $? = 0
configure:1371: test -s conftest.o
configure:1374: $? = 0
configure:1386: result: yes
configure:1392: checking whether g++ accepts -g
configure:1410: g++ -c -g  conftest.cc >&5
configure:1413: $? = 0
configure:1416: test -s conftest.o
configure:1419: $? = 0
configure:1429: result: yes
configure:1469: g++ -c -g -O2  conftest.cc >&5
configure:1472: $? = 0
configure:1475: test -s conftest.o
configure:1478: $? = 0
configure:1500: g++ -c -g -O2  conftest.cc >&5
configure:1493:1: error: use of undeclared identifier 'exit'
exit (42);
^
1 error generated.
configure:1503: $? = 1
configure: failed program was:
#line 1488 "configure"
#include "confdefs.h"

int
main ()
{
exit (42);
  ;
  return 0;
}
configure:1469: g++ -c -g -O2  conftest.cc >&5
configure:1472: $? = 0
configure:1475: test -s conftest.o
configure:1478: $? = 0
configure:1500: g++ -c -g -O2  conftest.cc >&5
configure:1503: $? = 0
configure:1506: test -s conftest.o
configure:1509: $? = 0
configure:1538: checking how to run the C++ preprocessor
configure:1560: g++ -E  conftest.cc
configure:1566: $? = 0
configure:1593: g++ -E  conftest.cc
configure:1590:10: fatal error: 'ac_nonexistent.h' file not found
#include <ac_nonexistent.h>
         ^
1 error generated.
configure:1599: $? = 1
configure: failed program was:
#line 1589 "configure"
#include "confdefs.h"
#include <ac_nonexistent.h>
configure:1636: result: g++ -E
configure:1651: g++ -E  conftest.cc
configure:1657: $? = 0
configure:1684: g++ -E  conftest.cc
configure:1681:10: fatal error: 'ac_nonexistent.h' file not found
#include <ac_nonexistent.h>
         ^
1 error generated.
configure:1690: $? = 1
configure: failed program was:
#line 1680 "configure"
#include "confdefs.h"
#include <ac_nonexistent.h>
configure:1742: checking for a BSD compatible install
configure:1791: result: /usr/bin/install -c
configure:1809: checking if you want to see long compiling messages
configure:1843: result: yes
configure:1890: checking for gcc
configure:1905: found /usr/bin/gcc
configure:1913: result: gcc
configure:2141: checking for C compiler version
configure:2144: gcc --version </dev/null >&5
Configured with: --prefix=/Applications/Xcode.app/Contents/Developer/usr --with-gxx-include-dir=/Applications/Xcode.app/Contents/Developer/Platforms/MacOSX.platform/Developer/SDKs/MacOSX10.11.sdk/usr/include/c++/4.2.1
Apple LLVM version 7.3.0 (clang-703.0.31)
Target: x86_64-apple-darwin15.6.0
Thread model: posix
InstalledDir: /Applications/Xcode.app/Contents/Developer/Toolchains/XcodeDefault.xctoolchain/usr/bin
configure:2147: $? = 0
configure:2149: gcc -v </dev/null >&5
Configured with: --prefix=/Applications/Xcode.app/Contents/Developer/usr --with-gxx-include-dir=/Applications/Xcode.app/Contents/Developer/Platforms/MacOSX.platform/Developer/SDKs/MacOSX10.11.sdk/usr/include/c++/4.2.1
Apple LLVM version 7.3.0 (clang-703.0.31)
Target: x86_64-apple-darwin15.6.0
Thread model: posix
InstalledDir: /Applications/Xcode.app/Contents/Developer/Toolchains/XcodeDefault.xctoolchain/usr/bin
configure:2152: $? = 0
configure:2154: gcc -V </dev/null >&5
clang: error: argument to '-V' is missing (expected 1 value)
clang: error: no input files
configure:2157: $? = 1
configure:2160: checking whether we are using the GNU C compiler
configure:2181: gcc -c   conftest.c >&5
configure:2184: $? = 0
configure:2187: test -s conftest.o
configure:2190: $? = 0
configure:2202: result: yes
configure:2208: checking whether gcc accepts -g
configure:2226: gcc -c -g  conftest.c >&5
configure:2229: $? = 0
configure:2232: test -s conftest.o
configure:2235: $? = 0
configure:2245: result: yes
configure:2272: gcc -c -g -O2  conftest.c >&5
conftest.c:2:3: error: unknown type name 'choke'
  choke me
  ^
conftest.c:2:11: error: expected ';' after top level declarator
  choke me
          ^
          ;
2 errors generated.
configure:2275: $? = 1
configure: failed program was:
#ifndef __cplusplus
  choke me
#endif
configure:2380: checking how to run the C preprocessor
configure:2406: gcc -E  conftest.c
configure:2412: $? = 0
configure:2439: gcc -E  conftest.c
configure:2436:10: fatal error: 'ac_nonexistent.h' file not found
#include <ac_nonexistent.h>
         ^
1 error generated.
configure:2445: $? = 1
configure: failed program was:
#line 2435 "configure"
#include "confdefs.h"
#include <ac_nonexistent.h>
configure:2482: result: gcc -E
configure:2497: gcc -E  conftest.c
configure:2503: $? = 0
configure:2530: gcc -E  conftest.c
configure:2527:10: fatal error: 'ac_nonexistent.h' file not found
#include <ac_nonexistent.h>
         ^
1 error generated.
configure:2536: $? = 1
configure: failed program was:
#line 2526 "configure"
#include "confdefs.h"
#include <ac_nonexistent.h>
configure:2578: checking version of g++
configure:2582: result: 7.3.0
configure:2642: checking if this is really Clang C++ compiler
configure:2664: g++ -c -g -O2 -Qunused-arguments  conftest.cc >&5
configure:2667: $? = 0
configure:2670: test -s conftest.o
configure:2673: $? = 0
configure:2684: result: yes
configure:2745: checking for g++ warning options...
configure:2775: g++ -c -g -O2 -Qunused-arguments -W -Wall -Werror -Wabi  conftest.cc >&5
configure:2778: $? = 0
configure:2775: g++ -c -g -O2 -Qunused-arguments -W -Wall -Wabi -Werror -fabi-version=0  conftest.cc >&5
clang: error: unknown argument: '-fabi-version=0'
configure:2778: $? = 1
configure:2775: g++ -c -g -O2 -Qunused-arguments -W -Wall -Wabi -Werror -Wextra  conftest.cc >&5
configure:2778: $? = 0
configure:2775: g++ -c -g -O2 -Qunused-arguments -W -Wall -Wabi -Wextra -Werror -Wignored-qualifiers  conftest.cc >&5
configure:2778: $? = 0
configure:2775: g++ -c -g -O2 -Qunused-arguments -W -Wall -Wabi -Wextra -Wignored-qualifiers -Werror -Wlogical-op  conftest.cc >&5
error: unknown warning option '-Wlogical-op'; did you mean '-Wliblto'? [-Werror,-Wunknown-warning-option]
configure:2778: $? = 1
configure:2775: g++ -c -g -O2 -Qunused-arguments -W -Wall -Wabi -Wextra -Wignored-qualifiers -Werror -Woverloaded-virtual  conftest.cc >&5
configure:2778: $? = 0
configure:2775: g++ -c -g -O2 -Qunused-arguments -W -Wall -Wabi -Wextra -Wignored-qualifiers -Woverloaded-virtual -Werror -Wsign-promo  conftest.cc >&5
configure:2778: $? = 0
configure:2775: g++ -c -g -O2 -Qunused-arguments -W -Wall -Wabi -Wextra -Wignored-qualifiers -Woverloaded-virtual -Wsign-promo -Werror -Wsynth  conftest.cc >&5
configure:2778: $? = 0
configure:2775: g++ -c -g -O2 -Qunused-arguments -W -Wall -Wabi -Wextra -Wignored-qualifiers -Woverloaded-virtual -Wsign-promo -Wsynth -Werror -Wold-style-cast  conftest.cc >&5
configure:2778: $? = 0
configure:2775: g++ -c -g -O2 -Qunused-arguments -W -Wall -Wabi -Wextra -Wignored-qualifiers -Woverloaded-virtual -Wsign-promo -Wsynth -Wold-style-cast -Werror -Wcast-align  conftest.cc >&5
configure:2778: $? = 0
configure:2775: g++ -c -g -O2 -Qunused-arguments -W -Wall -Wabi -Wextra -Wignored-qualifiers -Woverloaded-virtual -Wsign-promo -Wsynth -Wold-style-cast -Wcast-align -Werror -Wcast-qual  conftest.cc >&5
configure:2778: $? = 0
configure:2775: g++ -c -g -O2 -Qunused-arguments -W -Wall -Wabi -Wextra -Wignored-qualifiers -Woverloaded-virtual -Wsign-promo -Wsynth -Wold-style-cast -Wcast-align -Wcast-qual -Werror -Wpointer-arith  conftest.cc >&5
configure:2778: $? = 0
configure:2775: g++ -c -g -O2 -Qunused-arguments -W -Wall -Wabi -Wextra -Wignored-qualifiers -Woverloaded-virtual -Wsign-promo -Wsynth -Wold-style-cast -Wcast-align -Wcast-qual -Wpointer-arith -Werror -Wshadow  conftest.cc >&5
configure:2778: $? = 0
configure:2775: g++ -c -g -O2 -Qunused-arguments -W -Wall -Wabi -Wextra -Wignored-qualifiers -Woverloaded-virtual -Wsign-promo -Wsynth -Wold-style-cast -Wcast-align -Wcast-qual -Wpointer-arith -Wshadow -Werror -Wundef  conftest.cc >&5
configure:2778: $? = 0
configure:2775: g++ -c -g -O2 -Qunused-arguments -W -Wall -Wabi -Wextra -Wignored-qualifiers -Woverloaded-virtual -Wsign-promo -Wsynth -Wold-style-cast -Wcast-align -Wcast-qual -Wpointer-arith -Wshadow -Wundef -Werror -Weffc++  conftest.cc >&5
configure:2778: $? = 0
configure:2799: checking for ANSI C header files
configure:2813: g++ -E  conftest.cc
configure:2819: $? = 0
configure:2906: g++ -o conftest -g -O2 -Qunused-arguments   conftest.cc  >&5
configure:2909: $? = 0
configure:2911: ./conftest
configure:2914: $? = 0
configure:2927: result: yes
configure:2942: checking for unistd.h
configure:2952: g++ -E  conftest.cc
configure:2958: $? = 0
configure:2977: result: yes
configure:3068: creating ./config.status

## ----------------------- ##
## Running config.status.  ##
## ----------------------- ##

This file was extended by config.status 2.52.20141204, executed with
  CONFIG_FILES    = 
  CONFIG_HEADERS  = 
  CONFIG_LINKS    = 
  CONFIG_COMMANDS = 
  > ./config.status 
on dubstep.local

config.status:3528: creating makefile
config.status:3528: creating code/makefile
config.status:3681: creating code/autoconf.h

## ----------------- ##
## Cache variables.  ##
## ----------------- ##

ac_cv_build=x86_64-apple-darwin15.6.0
ac_cv_build_alias=x86_64-apple-darwin15.6.0
ac_cv_c_compiler_gnu=yes
ac_cv_cxx_compiler_gnu=yes
ac_cv_env_CC_set=
ac_cv_env_CC_value=
ac_cv_env_CFLAGS_set=
ac_cv_env_CFLAGS_value=
ac_cv_env_CPPFLAGS_set=
ac_cv_env_CPPFLAGS_value=
ac_cv_env_CPP_set=
ac_cv_env_CPP_value=
ac_cv_env_CXXCPP_set=
ac_cv_env_CXXCPP_value=
ac_cv_env_CXXFLAGS_set=
ac_cv_env_CXXFLAGS_value=
ac_cv_env_CXX_set=
ac_cv_env_CXX_value=
ac_cv_env_LDFLAGS_set=
ac_cv_env_LDFLAGS_value=
ac_cv_env_build_alias_set=
ac_cv_env_build_alias_value=
ac_cv_env_host_alias_set=
ac_cv_env_host_alias_value=
ac_cv_env_target_alias_set=
ac_cv_env_target_alias_value=
ac_cv_header_stdc=yes
ac_cv_header_unistd_h=yes
ac_cv_host=x86_64-apple-darwin15.6.0
ac_cv_host_alias=x86_64-apple-darwin15.6.0
ac_cv_objext=o
ac_cv_path_install='/usr/bin/install -c'
ac_cv_prog_CPP='gcc -E'
ac_cv_prog_CXXCPP='g++ -E'
ac_cv_prog_ac_ct_CC=gcc
ac_cv_prog_ac_ct_CXX=g++
ac_cv_prog_cc_g=yes
ac_cv_prog_cxx_g=yes
cf_cv_system_name=darwin15.6.0

## ------------ ##
## confdefs.h.  ##
## ------------ ##

#define SYSTEM_NAME "darwin15.6.0"
#ifdef __cplusplus
#include <stdlib.h>
#endif
#define STDC_HEADERS 1
#define HAVE_UNISTD_H 1


configure: exit 0
